<?xml version="1.0" encoding="UTF-8"?>
<!-- Generated by org.testng.reporters.JUnitReportReporter -->
<testsuite hostname="DESKTOP-9MH3L0N" failures="0" tests="1" name="org.runner.TestRunner" time="0.558" errors="0" timestamp="21 Dec 2024 07:36:38 GMT" skipped="0">
  <testcase classname="org.runner.TestRunner" name="runScenario" time="0.558"/>
</testsuite> <!-- org.runner.TestRunner -->
